<?xml version="1.0" encoding="UTF-8"?>
<!-- Generated by org.testng.reporters.JUnitReportReporter -->
<testsuite hostname="LAPTOP-QMLJP549" name="script.InvalidLogin" tests="1" failures="0" timestamp="5 Mar 2019 12:54:52 GMT" time="31.086" errors="0">
  <testcase name="testInvalidLogin" time="31.086" classname="script.InvalidLogin"/>
</testsuite> <!-- script.InvalidLogin -->
