<?xml version="1.0" encoding="UTF-8"?>
<!-- Generated by org.testng.reporters.JUnitReportReporter -->
<testsuite hostname="LAPTOP-QMLJP549" name="script.ValidLogin" tests="1" failures="0" timestamp="5 Mar 2019 12:35:32 GMT" time="18.205" errors="0">
  <testcase name="testValidLogin" time="18.205" classname="script.ValidLogin"/>
</testsuite> <!-- script.ValidLogin -->
