<?xml version="1.0" encoding="UTF-8"?>
<!-- Generated by org.testng.reporters.JUnitReportReporter -->
<testsuite hostname="LAPTOP-QMLJP549" name="dataprovider.BarcodeDemo" tests="1" failures="0" timestamp="23 Apr 2019 14:23:13 GMT" time="54.185" errors="0">
  <testcase name="Barcode" time="54.185" classname="dataprovider.BarcodeDemo"/>
</testsuite> <!-- dataprovider.BarcodeDemo -->
