<?xml version="1.0" encoding="UTF-8"?>
<!-- Generated by org.testng.reporters.JUnitReportReporter -->
<testsuite hostname="LAPTOP-QMLJP549" name="dataprovider.Fakerdemo" tests="1" failures="0" timestamp="21 Apr 2019 11:18:15 GMT" time="0.360" errors="0">
  <testcase name="fake" time="0.360" classname="dataprovider.Fakerdemo"/>
</testsuite> <!-- dataprovider.Fakerdemo -->
