<?xml version="1.0" encoding="UTF-8"?>
<!-- Generated by org.testng.reporters.JUnitReportReporter -->
<testsuite hostname="LAPTOP-QMLJP549" name="mvn.DemoA" tests="1" failures="0" timestamp="5 Mar 2019 11:23:33 GMT" time="39.105" errors="0">
  <testcase name="testA" time="39.105" classname="mvn.DemoA"/>
</testsuite> <!-- mvn.DemoA -->
