<?xml version="1.0" encoding="UTF-8"?>
<!-- Generated by org.testng.reporters.JUnitReportReporter -->
<testsuite hostname="LAPTOP-QMLJP549" name="src.script.ValidLogin" tests="1" failures="0" timestamp="27 Mar 2019 19:03:21 GMT" time="31.298" errors="0">
  <testcase name="testValidLogin" time="31.298" classname="src.script.ValidLogin"/>
</testsuite> <!-- src.script.ValidLogin -->
